    Building arm64-v8a (aarch64-linux-android)
   Compiling cfg-if v1.0.4
   Compiling memchr v2.8.3
   Compiling stable_deref_trait v1.2.1
   Compiling smallvec v1.15.2
   Compiling libc v0.2.186
   Compiling log v0.4.33
   Compiling bytes v1.12.0
   Compiling bitflags v2.13.0
   Compiling once_cell v1.21.4
   Compiling zerofrom v0.1.8
   Compiling yoke v0.8.3
   Compiling pin-project-lite v0.2.17
   Compiling equivalent v1.0.2
   Compiling jni-sys v0.4.1
   Compiling itoa v1.0.18
   Compiling zerovec v0.11.6
   Compiling simd-adler32 v0.3.9
   Compiling crossbeam-utils v0.8.22
   Compiling num-traits v0.2.19
   Compiling arrayvec v0.7.8
   Compiling futures-core v0.3.32
   Compiling crossbeam-epoch v0.9.20
   Compiling mio v1.2.1
   Compiling socket2 v0.6.4
   Compiling jni-sys v0.3.1
   Compiling zerocopy v0.8.53
   Compiling thiserror v2.0.18
   Compiling writeable v0.6.3
   Compiling tinystr v0.8.3
   Compiling adler2 v2.0.1
   Compiling hashbrown v0.17.1
   Compiling litemap v0.8.2
   Compiling miniz_oxide v0.8.9
   Compiling thiserror v1.0.69
   Compiling tokio v1.52.3
   Compiling icu_locale_core v2.2.0
   Compiling potential_utf v0.1.5
   Compiling crossbeam-deque v0.8.7
   Compiling crc32fast v1.5.0
   Compiling zerotrie v0.2.4
   Compiling utf8_iter v1.0.4
   Compiling indexmap v2.14.0
   Compiling rayon-core v1.13.0
   Compiling icu_properties_data v2.2.0
   Compiling icu_collections v2.2.0
   Compiling icu_normalizer_data v2.2.0
   Compiling parking_lot_core v0.9.12
   Compiling bytemuck v1.25.0
   Compiling icu_provider v2.2.0
   Compiling scopeguard v1.2.0
   Compiling percent-encoding v2.3.2
   Compiling lock_api v0.4.14
   Compiling profiling v1.0.18
   Compiling equator v0.4.2
   Compiling flate2 v1.1.9
   Compiling num-integer v0.1.46
   Compiling http v1.4.2
   Compiling tracing-core v0.1.36
   Compiling raw-window-handle v0.6.2
   Compiling either v1.16.0
   Compiling slab v0.4.12
   Compiling anyhow v1.0.103
   Compiling serde_core v1.0.228
   Compiling tracing v0.1.44
   Compiling num-bigint v0.4.8
   Compiling ring v0.17.14
   Compiling icu_properties v2.2.0
   Compiling parking_lot v0.12.5
   Compiling aligned-vec v0.6.4
   Compiling icu_normalizer v2.2.0
   Compiling futures-sink v0.3.32
   Compiling zeroize v1.9.0
   Compiling foldhash v0.1.5
   Compiling allocator-api2 v0.2.21
   Compiling tokio-util v0.7.18
   Compiling hashbrown v0.15.5
   Compiling num-rational v0.4.2
   Compiling rustls-pki-types v1.15.0
   Compiling idna_adapter v1.2.2
   Compiling v_frame v0.3.9
   Compiling http-body v1.0.1
   Compiling rayon v1.12.0
   Compiling form_urlencoded v1.2.2
   Compiling getrandom v0.2.17
   Compiling as-slice v0.2.1
   Compiling libloading v0.8.9
   Compiling termcolor v1.4.1
   Compiling unicode-width v0.1.14
   Compiling simdutf8 v0.1.5
   Compiling untrusted v0.9.0
   Compiling bit-vec v0.7.0
   Compiling ttf-parser v0.25.1
   Compiling futures-task v0.3.32
   Compiling futures-util v0.3.32
   Compiling bit-set v0.6.0
   Compiling av-scenechange v0.14.1
   Compiling ash v0.38.0+1.3.281
   Compiling serde v1.0.228
   Compiling khronos-egl v6.0.0
   Compiling zmij v1.0.21
   Compiling httparse v1.10.1
   Compiling codespan-reporting v0.11.1
   Compiling simd_cesu8 v1.1.1
   Compiling aligned v0.4.3
   Compiling naga v22.1.0
   Compiling jni v0.22.4
   Compiling ahash v0.8.12
   Compiling idna v1.1.0
   Compiling emath v0.29.1
   Compiling combine v4.6.7
   Compiling nom v8.0.0
   Compiling no_std_io2 v0.9.4
   Compiling gpu-alloc-types v0.3.1
   Compiling owned_ttf_parser v0.25.1
   Compiling gpu-descriptor-types v0.2.0
   Compiling spirv v0.3.0+sdk-1.3.268.0
   Compiling hexf-parse v0.2.1
   Compiling try-lock v0.2.5
   Compiling rustc-hash v1.1.0
   Compiling quick-error v2.0.1
   Compiling ab_glyph_rasterizer v0.1.10
   Compiling y4m v0.8.0
   Compiling typenum v1.20.1
   Compiling atomic-waker v1.1.2
   Compiling tower-service v0.3.3
   Compiling fnv v1.0.7
   Compiling unicode-xid v0.2.6
   Compiling hybrid-array v0.4.13
   Compiling h2 v0.4.15
   Compiling ab_glyph v0.2.32
   Compiling av1-grain v0.2.5
   Compiling rustls v0.23.41
   Compiling want v0.3.1
   Compiling rustls-webpki v0.103.13
   Compiling serde_json v1.0.150
   Compiling gpu-descriptor v0.3.2
   Compiling gpu-alloc v0.6.2
   Compiling wgpu-hal v22.0.0
   Compiling bitstream-io v4.10.0
   Compiling ecolor v0.29.1
   Compiling url v2.5.8
   Compiling maybe-rayon v0.1.1
   Compiling num_enum v0.7.6
   Compiling rav1e v0.8.1
   Compiling half v2.7.1
   Compiling itertools v0.14.0
   Compiling ndk-sys v0.5.0+25.2.9519653
   Compiling ndk-sys v0.6.0+11769913
   Compiling futures-channel v0.3.32
   Compiling android_system_properties v0.1.5
   Compiling wgpu-types v22.0.0
   Compiling imgref v1.12.2
   Compiling ndk-context v0.1.1
   Compiling subtle v2.6.1
   Compiling epaint_default_fonts v0.29.1
   Compiling new_debug_unreachable v1.0.6
   Compiling weezl v0.1.12
   Compiling renderdoc-sys v1.1.0
   Compiling nohash-hasher v0.2.0
   Compiling glow v0.13.1
   Compiling zune-core v0.5.1
   Compiling compression-core v0.4.32
   Compiling compression-codecs v0.4.38
   Compiling zune-jpeg v0.5.15
   Compiling epaint v0.29.1
   Compiling loop9 v0.1.5
   Compiling android-activity v0.6.1
   Compiling wgpu-core v22.1.0
   Compiling ndk v0.9.0
   Compiling hyper v1.10.1
   Compiling avif-serialize v0.8.9
   Compiling sync_wrapper v1.0.2
   Compiling fdeflate v0.3.7
   Compiling zune-inflate v0.2.54
   Compiling lebe v0.5.3
   Compiling color_quant v1.1.0
   Compiling byteorder-lite v0.1.0
   Compiling bit_field v0.10.3
   Compiling fax v0.2.7
   Compiling pxfm v0.1.30
   Compiling tower-layer v0.3.3
   Compiling rgb v0.8.53
   Compiling ipnet v2.12.0
   Compiling android-properties v0.2.2
   Compiling base64 v0.22.1
   Compiling hyper-util v0.1.20
   Compiling ravif v0.13.0
   Compiling tower v0.5.3
   Compiling moxcms v0.8.1
   Compiling tiff v0.11.3
   Compiling image-webp v0.2.4
   Compiling exr v1.74.0
   Compiling gif v0.14.2
   Compiling wgpu v22.1.0
   Compiling png v0.18.1
   Compiling tokio-rustls v0.26.4
   Compiling egui v0.29.1
   Compiling winit v0.30.13
   Compiling async-compression v0.4.42
   Compiling block-buffer v0.12.1
   Compiling crypto-common v0.2.2
   Compiling http-body-util v0.1.3
   Compiling webpki-roots v1.0.8
   Compiling qoi v0.4.1
   Compiling aho-corasick v1.1.4
   Compiling cursor-icon v1.2.0
   Compiling utf8parse v0.2.2
   Compiling rustc-hash v2.1.3
   Compiling regex-syntax v0.8.11
   Compiling static_assertions v1.1.0
   Compiling dpi v0.1.2
   Compiling web-time v1.1.0
   Compiling smol_str v0.2.2
   Compiling const-oid v0.10.2
   Compiling ryu v1.0.23
   Compiling regex-automata v0.4.14
   Compiling serde_urlencoded v0.7.1
   Compiling digest v0.11.3
   Compiling type-map v0.5.1
   Compiling anstyle-parse v1.0.0
   Compiling gltf-json v1.4.1
   Compiling image v0.25.10
   Compiling tower-http v0.6.11
   Compiling hyper-rustls v0.27.9
   Compiling webbrowser v1.2.1
   Compiling cpufeatures v0.3.0
   Compiling encoding_rs v0.8.35
   Compiling colorchoice v1.0.5
   Compiling is_terminal_polyfill v1.70.2
   Compiling base64 v0.13.1
   Compiling anstyle v1.0.14
   Compiling urlencoding v2.1.3
   Compiling mime v0.3.17
   Compiling lazy_static v1.5.0
   Compiling anstyle-query v1.1.5
   Compiling byteorder v1.5.0
   Compiling gltf v1.4.1
   Compiling anstream v1.0.0
   Compiling reqwest v0.12.28
   Compiling egui-winit v0.29.1
   Compiling sha2 v0.11.0
   Compiling egui-wgpu v0.29.1
   Compiling regex v1.12.4
   Compiling lru v0.12.5
   Compiling strsim v0.11.1
   Compiling glam v0.27.0
   Compiling pollster v0.3.0
   Compiling clap_lex v1.1.0
   Compiling clap_builder v4.6.0
   Compiling cesium-engine v0.1.0 (/home/silas270/CesiumRS/crates/cesium-engine)
   Compiling env_filter v0.1.4
   Compiling android_log-sys v0.3.2
   Compiling android_logger v0.14.1
   Compiling cesium-flight v0.1.0 (/home/silas270/CesiumRS/crates/cesium-flight)
   Compiling clap v4.6.1
   Compiling pollster v1.0.1
   Compiling cesium_rs v0.1.0 (/home/silas270/CesiumRS)
warning: `extern` fn uses type `AndroidApp`, which is not FFI-safe
  --> src/lib.rs:51:37
   |
51 | pub extern "C" fn android_main(app: winit::platform::android::activity::AndroidApp) {
   |                                     ^^^^^^^^^^^^^^^^^^^^^^^^^^^^^^^^^^^^^^^^^^^^^^ not FFI-safe
   |
   = help: consider adding a `#[repr(C)]` or `#[repr(transparent)]` attribute to this struct
   = note: this struct has unspecified layout
   = note: `#[warn(improper_ctypes_definitions)]` on by default

warning: `cesium_rs` (lib) generated 1 warning
    Finished `release` profile [optimized] target(s) in 5m 59s
    Building x86_64 (x86_64-linux-android)
warning: `extern` fn uses type `AndroidApp`, which is not FFI-safe
  --> src/lib.rs:51:37
   |
51 | ...app: winit::platform::android::activity::AndroidApp) {
   |         ^^^^^^^^^^^^^^^^^^^^^^^^^^^^^^^^^^^^^^^^^^^^^^ not FFI-safe
   |
   = help: consider adding a `#[repr(C)]` or `#[repr(transparent)]` attribute to this struct
   = note: this struct has unspecified layout
   = note: `#[warn(improper_ctypes_definitions)]` on by default

warning: `cesium_rs` (lib) generated 1 warning
    Finished `release` profile [optimized] target(s) in 0.69s
    Building arm64-v8a (aarch64-linux-android)
warning: `extern` fn uses type `AndroidApp`, which is not FFI-safe
  --> src/lib.rs:51:37
   |
51 | pub extern "C" fn android_main(app: winit::platform::android::activity::AndroidApp) {
   |                                     ^^^^^^^^^^^^^^^^^^^^^^^^^^^^^^^^^^^^^^^^^^^^^^ not FFI-safe
   |
   = help: consider adding a `#[repr(C)]` or `#[repr(transparent)]` attribute to this struct
   = note: this struct has unspecified layout
   = note: `#[warn(improper_ctypes_definitions)]` on by default

warning: `cesium_rs` (lib) generated 1 warning
    Finished `release` profile [optimized] target(s) in 0.33s
    Building x86_64 (x86_64-linux-android)
warning: `extern` fn uses type `AndroidApp`, which is not FFI-safe
  --> src/lib.rs:51:37
   |
51 | ...app: winit::platform::android::activity::AndroidApp) {
   |         ^^^^^^^^^^^^^^^^^^^^^^^^^^^^^^^^^^^^^^^^^^^^^^ not FFI-safe
   |
   = help: consider adding a `#[repr(C)]` or `#[repr(transparent)]` attribute to this struct
   = note: this struct has unspecified layout
   = note: `#[warn(improper_ctypes_definitions)]` on by default

warning: `cesium_rs` (lib) generated 1 warning
    Finished `release` profile [optimized] target(s) in 0.30s
    Building arm64-v8a (aarch64-linux-android)
warning: `extern` fn uses type `AndroidApp`, which is not FFI-safe
  --> src/lib.rs:51:37
   |
51 | pub extern "C" fn android_main(app: winit::platform::android::activity::AndroidApp) {
   |                                     ^^^^^^^^^^^^^^^^^^^^^^^^^^^^^^^^^^^^^^^^^^^^^^ not FFI-safe
   |
   = help: consider adding a `#[repr(C)]` or `#[repr(transparent)]` attribute to this struct
   = note: this struct has unspecified layout
   = note: `#[warn(improper_ctypes_definitions)]` on by default

warning: `cesium_rs` (lib) generated 1 warning
    Finished `release` profile [optimized] target(s) in 0.66s
    Building x86_64 (x86_64-linux-android)
warning: `extern` fn uses type `AndroidApp`, which is not FFI-safe
  --> src/lib.rs:51:37
   |
51 | ...app: winit::platform::android::activity::AndroidApp) {
   |         ^^^^^^^^^^^^^^^^^^^^^^^^^^^^^^^^^^^^^^^^^^^^^^ not FFI-safe
   |
   = help: consider adding a `#[repr(C)]` or `#[repr(transparent)]` attribute to this struct
   = note: this struct has unspecified layout
   = note: `#[warn(improper_ctypes_definitions)]` on by default

warning: `cesium_rs` (lib) generated 1 warning
    Finished `release` profile [optimized] target(s) in 0.49s
    Building arm64-v8a (aarch64-linux-android)
   Compiling cesium-engine v0.1.0 (/home/silas270/CesiumRS/crates/cesium-engine)
warning: value assigned to `view_opt` is never read
   --> crates/cesium-engine/src/render/wgpu_state.rs:922:28
    |
922 |         let mut view_opt = None;
    |                            ^^^^ this value is reassigned later and never used
...
925 |             view_opt = Some(out.texture.create_view(&wgpu::TextureViewDescriptor::default()));
    |             -------- `view_opt` is overwritten here before the previous value is read
    |
    = note: `#[warn(unused_assignments)]` (part of `#[warn(unused)]`) on by default

   Compiling cesium-flight v0.1.0 (/home/silas270/CesiumRS/crates/cesium-flight)
warning: `cesium-engine` (lib) generated 1 warning
   Compiling cesium_rs v0.1.0 (/home/silas270/CesiumRS)
warning: unused import: `std::sync::Arc`
 --> src/headless/routes_headless_app.rs:3:5
  |
3 | use std::sync::Arc;
  |     ^^^^^^^^^^^^^^
  |
  = note: `#[warn(unused_imports)]` (part of `#[warn(unused)]`) on by default

warning: variable does not need to be mutable
 --> src/headless/routes_headless_app.rs:9:5
  |
9 |     mut extension: Option<Box<dyn cesium_engine::core::extension::GlobeExtension>>,
  |     ----^^^^^^^^^
  |     |
  |     help: remove this `mut`
  |
  = note: `#[warn(unused_mut)]` (part of `#[warn(unused)]`) on by default

warning: unused variable: `visible_tiles`
  --> src/headless/routes_headless_app.rs:39:13
   |
39 |         let visible_tiles = state.update_logic(aspect_ratio, main_view_proj);
   |             ^^^^^^^^^^^^^ help: if this is intentional, prefix it with an underscore: `_visible_tiles`
   |
   = note: `#[warn(unused_variables)]` (part of `#[warn(unused)]`) on by default

warning: `extern` fn uses type `AndroidApp`, which is not FFI-safe
  --> src/lib.rs:51:37
   |
51 | pub extern "C" fn android_main(app: winit::platform::android::activity::AndroidApp) {
   |                                     ^^^^^^^^^^^^^^^^^^^^^^^^^^^^^^^^^^^^^^^^^^^^^^ not FFI-safe
   |
   = help: consider adding a `#[repr(C)]` or `#[repr(transparent)]` attribute to this struct
   = note: this struct has unspecified layout
   = note: `#[warn(improper_ctypes_definitions)]` on by default

warning: `cesium_rs` (lib) generated 4 warnings (run `cargo fix --lib -p cesium_rs` to apply 3 suggestions)
    Finished `release` profile [optimized] target(s) in 31.04s
    Building x86_64 (x86_64-linux-android)
   Compiling cesium-engine v0.1.0 (/home/silas270/CesiumRS/crates/cesium-engine)
warning: value assigned to `view_opt` is never read
   --> crates/cesium-engine/src/render/wgpu_state.rs:922:28
    |
922 |         let mut view_opt = None;
    |                            ^^^^ this value is reassigned later and never used
...
925 |             view_opt = Some(out.texture.create_view(&wgpu::TextureViewDescriptor::default()));
    |             -------- `view_opt` is overwritten here before the previous value is read
    |
    = note: `#[warn(unused_assignments)]` (part of `#[warn(unused)]`) on by default

   Compiling cesium-flight v0.1.0 (/home/silas270/CesiumRS/crates/cesium-flight)
warning: `cesium-engine` (lib) generated 1 warning
   Compiling cesium_rs v0.1.0 (/home/silas270/CesiumRS)
warning: unused import: `std::sync::Arc`
 --> src/headless/routes_headless_app.rs:3:5
  |
3 | use std::sync::Arc;
  |     ^^^^^^^^^^^^^^
  |
  = note: `#[warn(unused_imports)]` (part of `#[warn(unused)]`) on by default

warning: variable does not need to be mutable
 --> src/headless/routes_headless_app.rs:9:5
  |
9 |     mut extension: Option<Box<dyn cesium_engine::core::extension::GlobeExtension>>,
  |     ----^^^^^^^^^
  |     |
  |     help: remove this `mut`
  |
  = note: `#[warn(unused_mut)]` (part of `#[warn(unused)]`) on by default

warning: unused variable: `visible_tiles`
  --> src/headless/routes_headless_app.rs:39:13
   |
39 |         let visible_tiles = state.update_logic(aspect_ratio, main_view_proj);
   |             ^^^^^^^^^^^^^ help: if this is intentional, prefix it with an underscore: `_visible_tiles`
   |
   = note: `#[warn(unused_variables)]` (part of `#[warn(unused)]`) on by default

warning: `extern` fn uses type `AndroidApp`, which is not FFI-safe
  --> src/lib.rs:51:37
   |
51 | pub extern "C" fn android_main(app: winit::platform::android::activity::AndroidApp) {
   |                                     ^^^^^^^^^^^^^^^^^^^^^^^^^^^^^^^^^^^^^^^^^^^^^^ not FFI-safe
   |
   = help: consider adding a `#[repr(C)]` or `#[repr(transparent)]` attribute to this struct
   = note: this struct has unspecified layout
   = note: `#[warn(improper_ctypes_definitions)]` on by default

warning: `cesium_rs` (lib) generated 4 warnings (run `cargo fix --lib -p cesium_rs` to apply 3 suggestions)
    Finished `release` profile [optimized] target(s) in 26.55s
    Building arm64-v8a (aarch64-linux-android)
warning: value assigned to `view_opt` is never read
   --> crates/cesium-engine/src/render/wgpu_state.rs:922:28
    |
922 |         let mut view_opt = None;
    |                            ^^^^ this value is reassigned later and never used
...
925 |             view_opt = Some(out.texture.create_view(&wgpu::TextureViewDescriptor::default()));
    |             -------- `view_opt` is overwritten here before the previous value is read
    |
    = note: `#[warn(unused_assignments)]` (part of `#[warn(unused)]`) on by default

warning: `cesium-engine` (lib) generated 1 warning
   Compiling cesium_rs v0.1.0 (/home/silas270/CesiumRS)
warning: unused import: `std::sync::Arc`
 --> src/headless/routes_headless_app.rs:3:5
  |
3 | use std::sync::Arc;
  |     ^^^^^^^^^^^^^^
  |
  = note: `#[warn(unused_imports)]` (part of `#[warn(unused)]`) on by default

warning: variable does not need to be mutable
 --> src/headless/routes_headless_app.rs:9:5
  |
9 |     mut extension: Option<Box<dyn cesium_engine::core::extension::GlobeExtension>>,
  |     ----^^^^^^^^^
  |     |
  |     help: remove this `mut`
  |
  = note: `#[warn(unused_mut)]` (part of `#[warn(unused)]`) on by default

warning: unused variable: `visible_tiles`
  --> src/headless/routes_headless_app.rs:39:13
   |
39 |         let visible_tiles = state.update_logic(aspect_ratio, main_view_proj);
   |             ^^^^^^^^^^^^^ help: if this is intentional, prefix it with an underscore: `_visible_tiles`
   |
   = note: `#[warn(unused_variables)]` (part of `#[warn(unused)]`) on by default

warning: `extern` fn uses type `AndroidApp`, which is not FFI-safe
  --> src/lib.rs:51:37
   |
51 | pub extern "C" fn android_main(app: winit::platform::android::activity::AndroidApp) {
   |                                     ^^^^^^^^^^^^^^^^^^^^^^^^^^^^^^^^^^^^^^^^^^^^^^ not FFI-safe
   |
   = help: consider adding a `#[repr(C)]` or `#[repr(transparent)]` attribute to this struct
   = note: this struct has unspecified layout
   = note: `#[warn(improper_ctypes_definitions)]` on by default

warning: `cesium_rs` (lib) generated 4 warnings (run `cargo fix --lib -p cesium_rs` to apply 3 suggestions)
    Finished `release` profile [optimized] target(s) in 6.07s
    Building x86_64 (x86_64-linux-android)
warning: value assigned to `view_opt` is never read
   --> crates/cesium-engine/src/render/wgpu_state.rs:922:28
    |
922 |         let mut view_opt = None;
    |                            ^^^^ this value is reassigned later and never used
...
925 |             view_opt = Some(out.texture.create_view(&wgpu::TextureViewDescriptor::default()));
    |             -------- `view_opt` is overwritten here before the previous value is read
    |
    = note: `#[warn(unused_assignments)]` (part of `#[warn(unused)]`) on by default

warning: `cesium-engine` (lib) generated 1 warning
   Compiling cesium_rs v0.1.0 (/home/silas270/CesiumRS)
warning: unused import: `std::sync::Arc`
 --> src/headless/routes_headless_app.rs:3:5
  |
3 | use std::sync::Arc;
  |     ^^^^^^^^^^^^^^
  |
  = note: `#[warn(unused_imports)]` (part of `#[warn(unused)]`) on by default

warning: variable does not need to be mutable
 --> src/headless/routes_headless_app.rs:9:5
  |
9 |     mut extension: Option<Box<dyn cesium_engine::core::extension::GlobeExtension>>,
  |     ----^^^^^^^^^
  |     |
  |     help: remove this `mut`
  |
  = note: `#[warn(unused_mut)]` (part of `#[warn(unused)]`) on by default

warning: unused variable: `visible_tiles`
  --> src/headless/routes_headless_app.rs:39:13
   |
39 |         let visible_tiles = state.update_logic(aspect_ratio, main_view_proj);
   |             ^^^^^^^^^^^^^ help: if this is intentional, prefix it with an underscore: `_visible_tiles`
   |
   = note: `#[warn(unused_variables)]` (part of `#[warn(unused)]`) on by default

warning: `extern` fn uses type `AndroidApp`, which is not FFI-safe
  --> src/lib.rs:51:37
   |
51 | pub extern "C" fn android_main(app: winit::platform::android::activity::AndroidApp) {
   |                                     ^^^^^^^^^^^^^^^^^^^^^^^^^^^^^^^^^^^^^^^^^^^^^^ not FFI-safe
   |
   = help: consider adding a `#[repr(C)]` or `#[repr(transparent)]` attribute to this struct
   = note: this struct has unspecified layout
   = note: `#[warn(improper_ctypes_definitions)]` on by default

warning: `cesium_rs` (lib) generated 4 warnings (run `cargo fix --lib -p cesium_rs` to apply 3 suggestions)
    Finished `release` profile [optimized] target(s) in 5.46s
    Building arm64-v8a (aarch64-linux-android)
warning: value assigned to `view_opt` is never read
   --> crates/cesium-engine/src/render/wgpu_state.rs:922:28
    |
922 |         let mut view_opt = None;
    |                            ^^^^ this value is reassigned later and never used
...
925 |             view_opt = Some(out.texture.create_view(&wgpu::TextureViewDescriptor::default()));
    |             -------- `view_opt` is overwritten here before the previous value is read
    |
    = note: `#[warn(unused_assignments)]` (part of `#[warn(unused)]`) on by default

warning: `cesium-engine` (lib) generated 1 warning
warning: unused import: `std::sync::Arc`
 --> src/headless/routes_headless_app.rs:3:5
  |
3 | use std::sync::Arc;
  |     ^^^^^^^^^^^^^^
  |
  = note: `#[warn(unused_imports)]` (part of `#[warn(unused)]`) on by default

warning: variable does not need to be mutable
 --> src/headless/routes_headless_app.rs:9:5
  |
9 |     mut extension: Option<Box<dyn cesium_engine::core::extension::GlobeExtension>>,
  |     ----^^^^^^^^^
  |     |
  |     help: remove this `mut`
  |
  = note: `#[warn(unused_mut)]` (part of `#[warn(unused)]`) on by default

warning: unused variable: `visible_tiles`
  --> src/headless/routes_headless_app.rs:39:13
   |
39 |         let visible_tiles = state.update_logic(aspect_ratio, main_view_proj);
   |             ^^^^^^^^^^^^^ help: if this is intentional, prefix it with an underscore: `_visible_tiles`
   |
   = note: `#[warn(unused_variables)]` (part of `#[warn(unused)]`) on by default

warning: `extern` fn uses type `AndroidApp`, which is not FFI-safe
  --> src/lib.rs:51:37
   |
51 | pub extern "C" fn android_main(app: winit::platform::android::activity::AndroidApp) {
   |                                     ^^^^^^^^^^^^^^^^^^^^^^^^^^^^^^^^^^^^^^^^^^^^^^ not FFI-safe
   |
   = help: consider adding a `#[repr(C)]` or `#[repr(transparent)]` attribute to this struct
   = note: this struct has unspecified layout
   = note: `#[warn(improper_ctypes_definitions)]` on by default

warning: `cesium_rs` (lib) generated 4 warnings (run `cargo fix --lib -p cesium_rs` to apply 3 suggestions)
    Finished `release` profile [optimized] target(s) in 0.71s
    Building x86_64 (x86_64-linux-android)
warning: value assigned to `view_opt` is never read
   --> crates/cesium-engine/src/render/wgpu_state.rs:922:28
    |
922 |         let mut view_opt = None;
    |                            ^^^^ this value is reassigned later and never used
...
925 |             view_opt = Some(out.texture.create_view(&wgpu::TextureViewDescriptor::default()));
    |             -------- `view_opt` is overwritten here before the previous value is read
    |
    = note: `#[warn(unused_assignments)]` (part of `#[warn(unused)]`) on by default

warning: `cesium-engine` (lib) generated 1 warning
warning: unused import: `std::sync::Arc`
 --> src/headless/routes_headless_app.rs:3:5
  |
3 | use std::sync::Arc;
  |     ^^^^^^^^^^^^^^
  |
  = note: `#[warn(unused_imports)]` (part of `#[warn(unused)]`) on by default

warning: variable does not need to be mutable
 --> src/headless/routes_headless_app.rs:9:5
  |
9 |     mut extension: Option<Box<dyn cesium_engine::core::extension::GlobeExtension>>,
  |     ----^^^^^^^^^
  |     |
  |     help: remove this `mut`
  |
  = note: `#[warn(unused_mut)]` (part of `#[warn(unused)]`) on by default

warning: unused variable: `visible_tiles`
  --> src/headless/routes_headless_app.rs:39:13
   |
39 |         let visible_tiles = state.update_logic(aspect_ratio, main_view_proj);
   |             ^^^^^^^^^^^^^ help: if this is intentional, prefix it with an underscore: `_visible_tiles`
   |
   = note: `#[warn(unused_variables)]` (part of `#[warn(unused)]`) on by default

warning: `extern` fn uses type `AndroidApp`, which is not FFI-safe
  --> src/lib.rs:51:37
   |
51 | pub extern "C" fn android_main(app: winit::platform::android::activity::AndroidApp) {
   |                                     ^^^^^^^^^^^^^^^^^^^^^^^^^^^^^^^^^^^^^^^^^^^^^^ not FFI-safe
   |
   = help: consider adding a `#[repr(C)]` or `#[repr(transparent)]` attribute to this struct
   = note: this struct has unspecified layout
   = note: `#[warn(improper_ctypes_definitions)]` on by default

warning: `cesium_rs` (lib) generated 4 warnings (run `cargo fix --lib -p cesium_rs` to apply 3 suggestions)
    Finished `release` profile [optimized] target(s) in 0.48s
    Building arm64-v8a (aarch64-linux-android)
warning: value assigned to `view_opt` is never read
   --> crates/cesium-engine/src/render/wgpu_state.rs:922:28
    |
922 |         let mut view_opt = None;
    |                            ^^^^ this value is reassigned later and never used
...
925 |             view_opt = Some(out.texture.create_view(&wgpu::TextureViewDescriptor::default()));
    |             -------- `view_opt` is overwritten here before the previous value is read
    |
    = note: `#[warn(unused_assignments)]` (part of `#[warn(unused)]`) on by default

warning: `cesium-engine` (lib) generated 1 warning
warning: unused import: `std::sync::Arc`
 --> src/headless/routes_headless_app.rs:3:5
  |
3 | use std::sync::Arc;
  |     ^^^^^^^^^^^^^^
  |
  = note: `#[warn(unused_imports)]` (part of `#[warn(unused)]`) on by default

warning: variable does not need to be mutable
 --> src/headless/routes_headless_app.rs:9:5
  |
9 |     mut extension: Option<Box<dyn cesium_engine::core::extension::GlobeExtension>>,
  |     ----^^^^^^^^^
  |     |
  |     help: remove this `mut`
  |
  = note: `#[warn(unused_mut)]` (part of `#[warn(unused)]`) on by default

warning: unused variable: `visible_tiles`
  --> src/headless/routes_headless_app.rs:39:13
   |
39 |         let visible_tiles = state.update_logic(aspect_ratio, main_view_proj);
   |             ^^^^^^^^^^^^^ help: if this is intentional, prefix it with an underscore: `_visible_tiles`
   |
   = note: `#[warn(unused_variables)]` (part of `#[warn(unused)]`) on by default

warning: `extern` fn uses type `AndroidApp`, which is not FFI-safe
  --> src/lib.rs:51:37
   |
51 | pub extern "C" fn android_main(app: winit::platform::android::activity::AndroidApp) {
   |                                     ^^^^^^^^^^^^^^^^^^^^^^^^^^^^^^^^^^^^^^^^^^^^^^ not FFI-safe
   |
   = help: consider adding a `#[repr(C)]` or `#[repr(transparent)]` attribute to this struct
   = note: this struct has unspecified layout
   = note: `#[warn(improper_ctypes_definitions)]` on by default

warning: `cesium_rs` (lib) generated 4 warnings (run `cargo fix --lib -p cesium_rs` to apply 3 suggestions)
    Finished `release` profile [optimized] target(s) in 0.55s
    Building x86_64 (x86_64-linux-android)
warning: value assigned to `view_opt` is never read
   --> crates/cesium-engine/src/render/wgpu_state.rs:922:28
    |
922 |         let mut view_opt = None;
    |                            ^^^^ this value is reassigned later and never used
...
925 |             view_opt = Some(out.texture.create_view(&wgpu::TextureViewDescriptor::default()));
    |             -------- `view_opt` is overwritten here before the previous value is read
    |
    = note: `#[warn(unused_assignments)]` (part of `#[warn(unused)]`) on by default

warning: `cesium-engine` (lib) generated 1 warning
warning: unused import: `std::sync::Arc`
 --> src/headless/routes_headless_app.rs:3:5
  |
3 | use std::sync::Arc;
  |     ^^^^^^^^^^^^^^
  |
  = note: `#[warn(unused_imports)]` (part of `#[warn(unused)]`) on by default

warning: variable does not need to be mutable
 --> src/headless/routes_headless_app.rs:9:5
  |
9 |     mut extension: Option<Box<dyn cesium_engine::core::extension::GlobeExtension>>,
  |     ----^^^^^^^^^
  |     |
  |     help: remove this `mut`
  |
  = note: `#[warn(unused_mut)]` (part of `#[warn(unused)]`) on by default

warning: unused variable: `visible_tiles`
  --> src/headless/routes_headless_app.rs:39:13
   |
39 |         let visible_tiles = state.update_logic(aspect_ratio, main_view_proj);
   |             ^^^^^^^^^^^^^ help: if this is intentional, prefix it with an underscore: `_visible_tiles`
   |
   = note: `#[warn(unused_variables)]` (part of `#[warn(unused)]`) on by default

warning: `extern` fn uses type `AndroidApp`, which is not FFI-safe
  --> src/lib.rs:51:37
   |
51 | pub extern "C" fn android_main(app: winit::platform::android::activity::AndroidApp) {
   |                                     ^^^^^^^^^^^^^^^^^^^^^^^^^^^^^^^^^^^^^^^^^^^^^^ not FFI-safe
   |
   = help: consider adding a `#[repr(C)]` or `#[repr(transparent)]` attribute to this struct
   = note: this struct has unspecified layout
   = note: `#[warn(improper_ctypes_definitions)]` on by default

warning: `cesium_rs` (lib) generated 4 warnings (run `cargo fix --lib -p cesium_rs` to apply 3 suggestions)
    Finished `release` profile [optimized] target(s) in 0.50s
    Building arm64-v8a (aarch64-linux-android)
warning: value assigned to `view_opt` is never read
   --> crates/cesium-engine/src/render/wgpu_state.rs:922:28
    |
922 |         let mut view_opt = None;
    |                            ^^^^ this value is reassigned later and never used
...
925 |             view_opt = Some(out.texture.create_view(&wgpu::TextureViewDescriptor::default()));
    |             -------- `view_opt` is overwritten here before the previous value is read
    |
    = note: `#[warn(unused_assignments)]` (part of `#[warn(unused)]`) on by default

warning: `cesium-engine` (lib) generated 1 warning
warning: unused import: `std::sync::Arc`
 --> src/headless/routes_headless_app.rs:3:5
  |
3 | use std::sync::Arc;
  |     ^^^^^^^^^^^^^^
  |
  = note: `#[warn(unused_imports)]` (part of `#[warn(unused)]`) on by default

warning: variable does not need to be mutable
 --> src/headless/routes_headless_app.rs:9:5
  |
9 |     mut extension: Option<Box<dyn cesium_engine::core::extension::GlobeExtension>>,
  |     ----^^^^^^^^^
  |     |
  |     help: remove this `mut`
  |
  = note: `#[warn(unused_mut)]` (part of `#[warn(unused)]`) on by default

warning: unused variable: `visible_tiles`
  --> src/headless/routes_headless_app.rs:39:13
   |
39 |         let visible_tiles = state.update_logic(aspect_ratio, main_view_proj);
   |             ^^^^^^^^^^^^^ help: if this is intentional, prefix it with an underscore: `_visible_tiles`
   |
   = note: `#[warn(unused_variables)]` (part of `#[warn(unused)]`) on by default

warning: `extern` fn uses type `AndroidApp`, which is not FFI-safe
  --> src/lib.rs:51:37
   |
51 | pub extern "C" fn android_main(app: winit::platform::android::activity::AndroidApp) {
   |                                     ^^^^^^^^^^^^^^^^^^^^^^^^^^^^^^^^^^^^^^^^^^^^^^ not FFI-safe
   |
   = help: consider adding a `#[repr(C)]` or `#[repr(transparent)]` attribute to this struct
   = note: this struct has unspecified layout
   = note: `#[warn(improper_ctypes_definitions)]` on by default

warning: `cesium_rs` (lib) generated 4 warnings (run `cargo fix --lib -p cesium_rs` to apply 3 suggestions)
    Finished `release` profile [optimized] target(s) in 0.61s
    Building x86_64 (x86_64-linux-android)
warning: value assigned to `view_opt` is never read
   --> crates/cesium-engine/src/render/wgpu_state.rs:922:28
    |
922 |         let mut view_opt = None;
    |                            ^^^^ this value is reassigned later and never used
...
925 |             view_opt = Some(out.texture.create_view(&wgpu::TextureViewDescriptor::default()));
    |             -------- `view_opt` is overwritten here before the previous value is read
    |
    = note: `#[warn(unused_assignments)]` (part of `#[warn(unused)]`) on by default

warning: `cesium-engine` (lib) generated 1 warning
warning: unused import: `std::sync::Arc`
 --> src/headless/routes_headless_app.rs:3:5
  |
3 | use std::sync::Arc;
  |     ^^^^^^^^^^^^^^
  |
  = note: `#[warn(unused_imports)]` (part of `#[warn(unused)]`) on by default

warning: variable does not need to be mutable
 --> src/headless/routes_headless_app.rs:9:5
  |
9 |     mut extension: Option<Box<dyn cesium_engine::core::extension::GlobeExtension>>,
  |     ----^^^^^^^^^
  |     |
  |     help: remove this `mut`
  |
  = note: `#[warn(unused_mut)]` (part of `#[warn(unused)]`) on by default

warning: unused variable: `visible_tiles`
  --> src/headless/routes_headless_app.rs:39:13
   |
39 |         let visible_tiles = state.update_logic(aspect_ratio, main_view_proj);
   |             ^^^^^^^^^^^^^ help: if this is intentional, prefix it with an underscore: `_visible_tiles`
   |
   = note: `#[warn(unused_variables)]` (part of `#[warn(unused)]`) on by default

warning: `extern` fn uses type `AndroidApp`, which is not FFI-safe
  --> src/lib.rs:51:37
   |
51 | pub extern "C" fn android_main(app: winit::platform::android::activity::AndroidApp) {
   |                                     ^^^^^^^^^^^^^^^^^^^^^^^^^^^^^^^^^^^^^^^^^^^^^^ not FFI-safe
   |
   = help: consider adding a `#[repr(C)]` or `#[repr(transparent)]` attribute to this struct
   = note: this struct has unspecified layout
   = note: `#[warn(improper_ctypes_definitions)]` on by default

warning: `cesium_rs` (lib) generated 4 warnings (run `cargo fix --lib -p cesium_rs` to apply 3 suggestions)
    Finished `release` profile [optimized] target(s) in 0.46s
    Building arm64-v8a (aarch64-linux-android)
warning: value assigned to `view_opt` is never read
   --> crates/cesium-engine/src/render/wgpu_state.rs:922:28
    |
922 |         let mut view_opt = None;
    |                            ^^^^ this value is reassigned later and never used
...
925 |             view_opt = Some(out.texture.create_view(&wgpu::TextureViewDescriptor::default()));
    |             -------- `view_opt` is overwritten here before the previous value is read
    |
    = note: `#[warn(unused_assignments)]` (part of `#[warn(unused)]`) on by default

warning: `cesium-engine` (lib) generated 1 warning
warning: unused import: `std::sync::Arc`
 --> src/headless/routes_headless_app.rs:3:5
  |
3 | use std::sync::Arc;
  |     ^^^^^^^^^^^^^^
  |
  = note: `#[warn(unused_imports)]` (part of `#[warn(unused)]`) on by default

warning: variable does not need to be mutable
 --> src/headless/routes_headless_app.rs:9:5
  |
9 |     mut extension: Option<Box<dyn cesium_engine::core::extension::GlobeExtension>>,
  |     ----^^^^^^^^^
  |     |
  |     help: remove this `mut`
  |
  = note: `#[warn(unused_mut)]` (part of `#[warn(unused)]`) on by default

warning: unused variable: `visible_tiles`
  --> src/headless/routes_headless_app.rs:39:13
   |
39 |         let visible_tiles = state.update_logic(aspect_ratio, main_view_proj);
   |             ^^^^^^^^^^^^^ help: if this is intentional, prefix it with an underscore: `_visible_tiles`
   |
   = note: `#[warn(unused_variables)]` (part of `#[warn(unused)]`) on by default

warning: `extern` fn uses type `AndroidApp`, which is not FFI-safe
  --> src/lib.rs:51:37
   |
51 | pub extern "C" fn android_main(app: winit::platform::android::activity::AndroidApp) {
   |                                     ^^^^^^^^^^^^^^^^^^^^^^^^^^^^^^^^^^^^^^^^^^^^^^ not FFI-safe
   |
   = help: consider adding a `#[repr(C)]` or `#[repr(transparent)]` attribute to this struct
   = note: this struct has unspecified layout
   = note: `#[warn(improper_ctypes_definitions)]` on by default

warning: `cesium_rs` (lib) generated 4 warnings (run `cargo fix --lib -p cesium_rs` to apply 3 suggestions)
    Finished `release` profile [optimized] target(s) in 1.02s
    Building x86_64 (x86_64-linux-android)
warning: value assigned to `view_opt` is never read
   --> crates/cesium-engine/src/render/wgpu_state.rs:922:28
    |
922 |         let mut view_opt = None;
    |                            ^^^^ this value is reassigned later and never used
...
925 |             view_opt = Some(out.texture.create_view(&wgpu::TextureViewDescriptor::default()));
    |             -------- `view_opt` is overwritten here before the previous value is read
    |
    = note: `#[warn(unused_assignments)]` (part of `#[warn(unused)]`) on by default

warning: `cesium-engine` (lib) generated 1 warning
warning: unused import: `std::sync::Arc`
 --> src/headless/routes_headless_app.rs:3:5
  |
3 | use std::sync::Arc;
  |     ^^^^^^^^^^^^^^
  |
  = note: `#[warn(unused_imports)]` (part of `#[warn(unused)]`) on by default

warning: variable does not need to be mutable
 --> src/headless/routes_headless_app.rs:9:5
  |
9 |     mut extension: Option<Box<dyn cesium_engine::core::extension::GlobeExtension>>,
  |     ----^^^^^^^^^
  |     |
  |     help: remove this `mut`
  |
  = note: `#[warn(unused_mut)]` (part of `#[warn(unused)]`) on by default

warning: unused variable: `visible_tiles`
  --> src/headless/routes_headless_app.rs:39:13
   |
39 |         let visible_tiles = state.update_logic(aspect_ratio, main_view_proj);
   |             ^^^^^^^^^^^^^ help: if this is intentional, prefix it with an underscore: `_visible_tiles`
   |
   = note: `#[warn(unused_variables)]` (part of `#[warn(unused)]`) on by default

warning: `extern` fn uses type `AndroidApp`, which is not FFI-safe
  --> src/lib.rs:51:37
   |
51 | pub extern "C" fn android_main(app: winit::platform::android::activity::AndroidApp) {
   |                                     ^^^^^^^^^^^^^^^^^^^^^^^^^^^^^^^^^^^^^^^^^^^^^^ not FFI-safe
   |
   = help: consider adding a `#[repr(C)]` or `#[repr(transparent)]` attribute to this struct
   = note: this struct has unspecified layout
   = note: `#[warn(improper_ctypes_definitions)]` on by default

warning: `cesium_rs` (lib) generated 4 warnings (run `cargo fix --lib -p cesium_rs` to apply 3 suggestions)
    Finished `release` profile [optimized] target(s) in 0.55s
    Building arm64-v8a (aarch64-linux-android)
warning: value assigned to `view_opt` is never read
   --> crates/cesium-engine/src/render/wgpu_state.rs:922:28
    |
922 |         let mut view_opt = None;
    |                            ^^^^ this value is reassigned later and never used
...
925 |             view_opt = Some(out.texture.create_view(&wgpu::TextureViewDescriptor::default()));
    |             -------- `view_opt` is overwritten here before the previous value is read
    |
    = note: `#[warn(unused_assignments)]` (part of `#[warn(unused)]`) on by default

warning: `cesium-engine` (lib) generated 1 warning
warning: unused import: `std::sync::Arc`
 --> src/headless/routes_headless_app.rs:3:5
  |
3 | use std::sync::Arc;
  |     ^^^^^^^^^^^^^^
  |
  = note: `#[warn(unused_imports)]` (part of `#[warn(unused)]`) on by default

warning: variable does not need to be mutable
 --> src/headless/routes_headless_app.rs:9:5
  |
9 |     mut extension: Option<Box<dyn cesium_engine::core::extension::GlobeExtension>>,
  |     ----^^^^^^^^^
  |     |
  |     help: remove this `mut`
  |
  = note: `#[warn(unused_mut)]` (part of `#[warn(unused)]`) on by default

warning: unused variable: `visible_tiles`
  --> src/headless/routes_headless_app.rs:39:13
   |
39 |         let visible_tiles = state.update_logic(aspect_ratio, main_view_proj);
   |             ^^^^^^^^^^^^^ help: if this is intentional, prefix it with an underscore: `_visible_tiles`
   |
   = note: `#[warn(unused_variables)]` (part of `#[warn(unused)]`) on by default

warning: `extern` fn uses type `AndroidApp`, which is not FFI-safe
  --> src/lib.rs:51:37
   |
51 | pub extern "C" fn android_main(app: winit::platform::android::activity::AndroidApp) {
   |                                     ^^^^^^^^^^^^^^^^^^^^^^^^^^^^^^^^^^^^^^^^^^^^^^ not FFI-safe
   |
   = help: consider adding a `#[repr(C)]` or `#[repr(transparent)]` attribute to this struct
   = note: this struct has unspecified layout
   = note: `#[warn(improper_ctypes_definitions)]` on by default

warning: `cesium_rs` (lib) generated 4 warnings (run `cargo fix --lib -p cesium_rs` to apply 3 suggestions)
    Finished `release` profile [optimized] target(s) in 0.76s
    Building x86_64 (x86_64-linux-android)
warning: value assigned to `view_opt` is never read
   --> crates/cesium-engine/src/render/wgpu_state.rs:922:28
    |
922 |         let mut view_opt = None;
    |                            ^^^^ this value is reassigned later and never used
...
925 |             view_opt = Some(out.texture.create_view(&wgpu::TextureViewDescriptor::default()));
    |             -------- `view_opt` is overwritten here before the previous value is read
    |
    = note: `#[warn(unused_assignments)]` (part of `#[warn(unused)]`) on by default

warning: `cesium-engine` (lib) generated 1 warning
warning: unused import: `std::sync::Arc`
 --> src/headless/routes_headless_app.rs:3:5
  |
3 | use std::sync::Arc;
  |     ^^^^^^^^^^^^^^
  |
  = note: `#[warn(unused_imports)]` (part of `#[warn(unused)]`) on by default

warning: variable does not need to be mutable
 --> src/headless/routes_headless_app.rs:9:5
  |
9 |     mut extension: Option<Box<dyn cesium_engine::core::extension::GlobeExtension>>,
  |     ----^^^^^^^^^
  |     |
  |     help: remove this `mut`
  |
  = note: `#[warn(unused_mut)]` (part of `#[warn(unused)]`) on by default

warning: unused variable: `visible_tiles`
  --> src/headless/routes_headless_app.rs:39:13
   |
39 |         let visible_tiles = state.update_logic(aspect_ratio, main_view_proj);
   |             ^^^^^^^^^^^^^ help: if this is intentional, prefix it with an underscore: `_visible_tiles`
   |
   = note: `#[warn(unused_variables)]` (part of `#[warn(unused)]`) on by default

warning: `extern` fn uses type `AndroidApp`, which is not FFI-safe
  --> src/lib.rs:51:37
   |
51 | pub extern "C" fn android_main(app: winit::platform::android::activity::AndroidApp) {
   |                                     ^^^^^^^^^^^^^^^^^^^^^^^^^^^^^^^^^^^^^^^^^^^^^^ not FFI-safe
   |
   = help: consider adding a `#[repr(C)]` or `#[repr(transparent)]` attribute to this struct
   = note: this struct has unspecified layout
   = note: `#[warn(improper_ctypes_definitions)]` on by default

warning: `cesium_rs` (lib) generated 4 warnings (run `cargo fix --lib -p cesium_rs` to apply 3 suggestions)
    Finished `release` profile [optimized] target(s) in 0.59s
    Building arm64-v8a (aarch64-linux-android)
warning: value assigned to `view_opt` is never read
   --> crates/cesium-engine/src/render/wgpu_state.rs:922:28
    |
922 |         let mut view_opt = None;
    |                            ^^^^ this value is reassigned later and never used
...
925 |             view_opt = Some(out.texture.create_view(&wgpu::TextureViewDescriptor::default()));
    |             -------- `view_opt` is overwritten here before the previous value is read
    |
    = note: `#[warn(unused_assignments)]` (part of `#[warn(unused)]`) on by default

warning: `cesium-engine` (lib) generated 1 warning
warning: unused import: `std::sync::Arc`
 --> src/headless/routes_headless_app.rs:3:5
  |
3 | use std::sync::Arc;
  |     ^^^^^^^^^^^^^^
  |
  = note: `#[warn(unused_imports)]` (part of `#[warn(unused)]`) on by default

warning: variable does not need to be mutable
 --> src/headless/routes_headless_app.rs:9:5
  |
9 |     mut extension: Option<Box<dyn cesium_engine::core::extension::GlobeExtension>>,
  |     ----^^^^^^^^^
  |     |
  |     help: remove this `mut`
  |
  = note: `#[warn(unused_mut)]` (part of `#[warn(unused)]`) on by default

warning: unused variable: `visible_tiles`
  --> src/headless/routes_headless_app.rs:39:13
   |
39 |         let visible_tiles = state.update_logic(aspect_ratio, main_view_proj);
   |             ^^^^^^^^^^^^^ help: if this is intentional, prefix it with an underscore: `_visible_tiles`
   |
   = note: `#[warn(unused_variables)]` (part of `#[warn(unused)]`) on by default

warning: `extern` fn uses type `AndroidApp`, which is not FFI-safe
  --> src/lib.rs:51:37
   |
51 | pub extern "C" fn android_main(app: winit::platform::android::activity::AndroidApp) {
   |                                     ^^^^^^^^^^^^^^^^^^^^^^^^^^^^^^^^^^^^^^^^^^^^^^ not FFI-safe
   |
   = help: consider adding a `#[repr(C)]` or `#[repr(transparent)]` attribute to this struct
   = note: this struct has unspecified layout
   = note: `#[warn(improper_ctypes_definitions)]` on by default

warning: `cesium_rs` (lib) generated 4 warnings (run `cargo fix --lib -p cesium_rs` to apply 3 suggestions)
    Finished `release` profile [optimized] target(s) in 0.64s
    Building x86_64 (x86_64-linux-android)
warning: value assigned to `view_opt` is never read
   --> crates/cesium-engine/src/render/wgpu_state.rs:922:28
    |
922 |         let mut view_opt = None;
    |                            ^^^^ this value is reassigned later and never used
...
925 |             view_opt = Some(out.texture.create_view(&wgpu::TextureViewDescriptor::default()));
    |             -------- `view_opt` is overwritten here before the previous value is read
    |
    = note: `#[warn(unused_assignments)]` (part of `#[warn(unused)]`) on by default

warning: `cesium-engine` (lib) generated 1 warning
warning: unused import: `std::sync::Arc`
 --> src/headless/routes_headless_app.rs:3:5
  |
3 | use std::sync::Arc;
  |     ^^^^^^^^^^^^^^
  |
  = note: `#[warn(unused_imports)]` (part of `#[warn(unused)]`) on by default

warning: variable does not need to be mutable
 --> src/headless/routes_headless_app.rs:9:5
  |
9 |     mut extension: Option<Box<dyn cesium_engine::core::extension::GlobeExtension>>,
  |     ----^^^^^^^^^
  |     |
  |     help: remove this `mut`
  |
  = note: `#[warn(unused_mut)]` (part of `#[warn(unused)]`) on by default

warning: unused variable: `visible_tiles`
  --> src/headless/routes_headless_app.rs:39:13
   |
39 |         let visible_tiles = state.update_logic(aspect_ratio, main_view_proj);
   |             ^^^^^^^^^^^^^ help: if this is intentional, prefix it with an underscore: `_visible_tiles`
   |
   = note: `#[warn(unused_variables)]` (part of `#[warn(unused)]`) on by default

warning: `extern` fn uses type `AndroidApp`, which is not FFI-safe
  --> src/lib.rs:51:37
   |
51 | pub extern "C" fn android_main(app: winit::platform::android::activity::AndroidApp) {
   |                                     ^^^^^^^^^^^^^^^^^^^^^^^^^^^^^^^^^^^^^^^^^^^^^^ not FFI-safe
   |
   = help: consider adding a `#[repr(C)]` or `#[repr(transparent)]` attribute to this struct
   = note: this struct has unspecified layout
   = note: `#[warn(improper_ctypes_definitions)]` on by default

warning: `cesium_rs` (lib) generated 4 warnings (run `cargo fix --lib -p cesium_rs` to apply 3 suggestions)
    Finished `release` profile [optimized] target(s) in 0.63s
    Building arm64-v8a (aarch64-linux-android)
    Updating crates.io index
     Locking 11 packages to latest compatible versions
      Adding cesu8 v1.1.0
      Adding jni v0.21.1 (available: v0.22.4)
      Adding windows-sys v0.45.0
      Adding windows-targets v0.42.2
      Adding windows_aarch64_gnullvm v0.42.2
      Adding windows_aarch64_msvc v0.42.2
      Adding windows_i686_gnu v0.42.2
      Adding windows_i686_msvc v0.42.2
      Adding windows_x86_64_gnu v0.42.2
      Adding windows_x86_64_gnullvm v0.42.2
      Adding windows_x86_64_msvc v0.42.2
 Downloading crates ...
  Downloaded cesu8 v1.1.0
  Downloaded windows-targets v0.42.2
  Downloaded jni v0.21.1
  Downloaded windows_x86_64_msvc v0.42.2
  Downloaded windows-sys v0.45.0
   Compiling ring v0.17.14
   Compiling android-activity v0.6.1
   Compiling cesu8 v1.1.0
   Compiling pollster v1.0.1
   Compiling jni v0.21.1
   Compiling rustls v0.23.41
   Compiling rustls-webpki v0.103.13
   Compiling winit v0.30.13
   Compiling egui-winit v0.29.1
   Compiling tokio-rustls v0.26.4
   Compiling hyper-rustls v0.27.9
   Compiling reqwest v0.12.28
   Compiling cesium-engine v0.1.0 (C:\Users\kamme\Desktop\CesiumRS\crates\cesium-engine)
warning: value assigned to `view_opt` is never read
   --> crates\cesium-engine\src\render\wgpu_state.rs:922:28
    |
922 |         let mut view_opt = None;
    |                            ^^^^ this value is reassigned later and never used
...
925 |             view_opt = Some(out.texture.create_view(&wgpu::TextureViewDescriptor::default()));
    |             -------- `view_opt` is overwritten here before the previous value is read
    |
    = note: `#[warn(unused_assignments)]` (part of `#[warn(unused)]`) on by default

   Compiling cesium-flight v0.1.0 (C:\Users\kamme\Desktop\CesiumRS\crates\cesium-flight)
warning: unused variable: `cruise_alt`
   --> crates\cesium-flight\src\telemetry\generator.rs:275:9
    |
275 |     let cruise_alt = 10000.0;
    |         ^^^^^^^^^^ help: if this is intentional, prefix it with an underscore: `_cruise_alt`
    |
    = note: `#[warn(unused_variables)]` (part of `#[warn(unused)]`) on by default

warning: field `path_type` is never read
   --> crates\cesium-flight\src\telemetry\generator.rs:138:13
    |
137 |     pub struct DubinsPath {
    |                ---------- field in this struct
138 |         pub path_type: &'static str,
    |             ^^^^^^^^^
    |
    = note: `DubinsPath` has derived impls for the traits `Clone` and `Debug`, but these are intentionally ignored during dead code analysis
    = note: `#[warn(dead_code)]` (part of `#[warn(unused)]`) on by default

warning: `cesium-flight` (lib) generated 2 warnings (run `cargo fix --lib -p cesium-flight` to apply 1 suggestion)
warning: `cesium-engine` (lib) generated 1 warning
   Compiling cesium_rs v0.1.0 (C:\Users\kamme\Desktop\CesiumRS)
warning: unused import: `std::sync::Arc`
 --> src\headless\routes_headless_app.rs:3:5
  |
3 | use std::sync::Arc;
  |     ^^^^^^^^^^^^^^
  |
  = note: `#[warn(unused_imports)]` (part of `#[warn(unused)]`) on by default

warning: variable does not need to be mutable
 --> src\headless\routes_headless_app.rs:9:5
  |
9 |     mut extension: Option<Box<dyn cesium_engine::core::extension::GlobeExtension>>,
  |     ----^^^^^^^^^
  |     |
  |     help: remove this `mut`
  |
  = note: `#[warn(unused_mut)]` (part of `#[warn(unused)]`) on by default

error[E0616]: field `extension` of struct `CesiumViewer` is private
  --> src\lib.rs:89:16
   |
89 |         viewer.extension,
   |                ^^^^^^^^^ private field

error[E0616]: field `command_rx` of struct `CesiumViewer` is private
  --> src\lib.rs:90:21
   |
90 |         Some(viewer.command_rx),
   |                     ^^^^^^^^^^ private field

warning: unused variable: `visible_tiles`
  --> src\headless\routes_headless_app.rs:39:13
   |
39 |         let visible_tiles = state.update_logic(aspect_ratio, main_view_proj);
   |             ^^^^^^^^^^^^^ help: if this is intentional, prefix it with an underscore: `_visible_tiles`
   |
   = note: `#[warn(unused_variables)]` (part of `#[warn(unused)]`) on by default

For more information about this error, try `rustc --explain E0616`.
warning: `cesium_rs` (lib) generated 3 warnings
error: could not compile `cesium_rs` (lib) due to 2 previous errors; 3 warnings emitted
note: If the build failed due to a missing target, you can run this command:
note: 
note:     rustup target install aarch64-linux-android
